
BookCommentãƒ¢ãƒ‡ãƒ«ã®ãƒ†ã‚¹ãƒˆ
  ãƒãƒªãƒ‡ãƒ¼ã‚·ãƒ§ãƒ³ã®ãƒ†ã‚¹ãƒˆ
    commentã‚«ãƒ©ãƒ 
[31m      ç©ºæ¬„ã§ãªã„ã“ã¨ (FAILED - 1)[0m
  ã‚¢ã‚½ã‚·ã‚¨ãƒ¼ã‚·ãƒ§ãƒ³ã®ãƒ†ã‚¹ãƒˆ
    Bookãƒ¢ãƒ‡ãƒ«ã¨ã®é–¢ä¿‚
[31m      N:1ã¨ãªã£ã¦ã„ã‚‹ (FAILED - 2)[0m
    Userãƒ¢ãƒ‡ãƒ«ã¨ã®é–¢ä¿‚
[31m      N:1ã¨ãªã£ã¦ã„ã‚‹ (FAILED - 3)[0m

Bookãƒ¢ãƒ‡ãƒ«ã®ãƒ†ã‚¹ãƒˆ
  ãƒãƒªãƒ‡ãƒ¼ã‚·ãƒ§ãƒ³ã®ãƒ†ã‚¹ãƒˆ
    titleã‚«ãƒ©ãƒ 
[32m      ç©ºæ¬„ã§ãªã„ã“ã¨[0m
    bodyã‚«ãƒ©ãƒ 
[32m      ç©ºæ¬„ã§ãªã„ã“ã¨[0m
[32m      200æ–‡å­—ä»¥ä¸‹ã§ã‚ã‚‹ã“ã¨: 200æ–‡å­—ã¯ã€‡[0m
[32m      200æ–‡å­—ä»¥ä¸‹ã§ã‚ã‚‹ã“ã¨: 201æ–‡å­—ã¯Ã—[0m
  ã‚¢ã‚½ã‚·ã‚¨ãƒ¼ã‚·ãƒ§ãƒ³ã®ãƒ†ã‚¹ãƒˆ
    Userãƒ¢ãƒ‡ãƒ«ã¨ã®é–¢ä¿‚
[32m      N:1ã¨ãªã£ã¦ã„ã‚‹[0m
    BookCommentãƒ¢ãƒ‡ãƒ«ã¨ã®é–¢ä¿‚
[31m      1:Nã¨ãªã£ã¦ã„ã‚‹ (FAILED - 4)[0m
    Favoriteãƒ¢ãƒ‡ãƒ«ã¨ã®é–¢ä¿‚
[32m      1:Nã¨ãªã£ã¦ã„ã‚‹[0m

Favoriteãƒ¢ãƒ‡ãƒ«ã®ãƒ†ã‚¹ãƒˆ
  ãƒãƒªãƒ‡ãƒ¼ã‚·ãƒ§ãƒ³ã®ãƒ†ã‚¹ãƒˆ
[31m    ãƒ¦ãƒ¼ã‚¶ãƒ¼ã¯ä¸€ã¤ã®æŠ•ç¨¿ã«ä¸€ã¤ã—ã‹ã„ã„ã­ã§ããªã„ (FAILED - 5)[0m
  ã‚¢ã‚½ã‚·ã‚¨ãƒ¼ã‚·ãƒ§ãƒ³ã®ãƒ†ã‚¹ãƒˆ
    Bookãƒ¢ãƒ‡ãƒ«ã¨ã®é–¢ä¿‚
[32m      N:1ã¨ãªã£ã¦ã„ã‚‹[0m
    Userãƒ¢ãƒ‡ãƒ«ã¨ã®é–¢ä¿‚
[32m      N:1ã¨ãªã£ã¦ã„ã‚‹[0m

Userãƒ¢ãƒ‡ãƒ«ã®ãƒ†ã‚¹ãƒˆ
  ãƒãƒªãƒ‡ãƒ¼ã‚·ãƒ§ãƒ³ã®ãƒ†ã‚¹ãƒˆ
    nameã‚«ãƒ©ãƒ 
[32m      ç©ºæ¬„ã§ãªã„ã“ã¨[0m
[32m      2æ–‡å­—ä»¥ä¸Šã§ã‚ã‚‹ã“ã¨: 1æ–‡å­—ã¯Ã—[0m
[32m      2æ–‡å­—ä»¥ä¸Šã§ã‚ã‚‹ã“ã¨: 2æ–‡å­—ã¯ã€‡[0m
[32m      20æ–‡å­—ä»¥ä¸‹ã§ã‚ã‚‹ã“ã¨: 20æ–‡å­—ã¯ã€‡[0m
[32m      20æ–‡å­—ä»¥ä¸‹ã§ã‚ã‚‹ã“ã¨: 21æ–‡å­—ã¯Ã—[0m
[32m      ä¸€æ„æ€§ãŒã‚ã‚‹ã“ã¨[0m
    introductionã‚«ãƒ©ãƒ 
[32m      50æ–‡å­—ä»¥ä¸‹ã§ã‚ã‚‹ã“ã¨: 50æ–‡å­—ã¯ã€‡[0m
[32m      50æ–‡å­—ä»¥ä¸‹ã§ã‚ã‚‹ã“ã¨: 51æ–‡å­—ã¯Ã—[0m
  ã‚¢ã‚½ã‚·ã‚¨ãƒ¼ã‚·ãƒ§ãƒ³ã®ãƒ†ã‚¹ãƒˆ
    Bookãƒ¢ãƒ‡ãƒ«ã¨ã®é–¢ä¿‚
[32m      1:Nã¨ãªã£ã¦ã„ã‚‹[0m
    BookCommentãƒ¢ãƒ‡ãƒ«ã¨ã®é–¢ä¿‚
[31m      1:Nã¨ãªã£ã¦ã„ã‚‹ (FAILED - 6)[0m
    Favoriteãƒ¢ãƒ‡ãƒ«ã¨ã®é–¢ä¿‚
[31m      1:Nã¨ãªã£ã¦ã„ã‚‹ (FAILED - 7)[0m

[STEP1] ãƒ¦ãƒ¼ã‚¶ãƒ­ã‚°ã‚¤ãƒ³å‰ã®ãƒ†ã‚¹ãƒˆ
  ãƒˆãƒƒãƒ—ç”»é¢ã®ãƒ†ã‚¹ãƒˆ
    è¡¨ç¤ºå†…å®¹ã®ç¢ºèª
[31m      URLãŒæ­£ã—ã„ (FAILED - 8)[0m

Failures:

  1) BookCommentãƒ¢ãƒ‡ãƒ«ã®ãƒ†ã‚¹ãƒˆ ãƒãƒªãƒ‡ãƒ¼ã‚·ãƒ§ãƒ³ã®ãƒ†ã‚¹ãƒˆ commentã‚«ãƒ©ãƒ  ç©ºæ¬„ã§ãªã„ã“ã¨
     [31mFailure/Error: let!(:book_comment) { build(:book_comment, book: book, user: user) }[0m
     [31m[0m
     [31mNameError:[0m
     [31m  uninitialized constant BookComment[0m
     [31m  Did you mean?  BooksController[0m
     [36m# /home/ec2-user/.rvm/gems/ruby-2.6.3/gems/factory_bot-6.2.0/lib/factory_bot/factory.rb:26:in `build_class'[0m
     [36m# /home/ec2-user/.rvm/gems/ruby-2.6.3/gems/factory_bot-6.2.0/lib/factory_bot/factory.rb:87:in `compile'[0m
     [36m# /home/ec2-user/.rvm/gems/ruby-2.6.3/gems/factory_bot-6.2.0/lib/factory_bot/factory_runner.rb:14:in `run'[0m
     [36m# /home/ec2-user/.rvm/gems/ruby-2.6.3/gems/factory_bot-6.2.0/lib/factory_bot/strategy_syntax_method_registrar.rb:28:in `block in define_singular_strategy_method'[0m
     [36m# ./spec/models/book_comment_spec.rb:9:in `block (3 levels) in <top (required)>'[0m

  2) BookCommentãƒ¢ãƒ‡ãƒ«ã®ãƒ†ã‚¹ãƒˆ ã‚¢ã‚½ã‚·ã‚¨ãƒ¼ã‚·ãƒ§ãƒ³ã®ãƒ†ã‚¹ãƒˆ Bookãƒ¢ãƒ‡ãƒ«ã¨ã®é–¢ä¿‚ N:1ã¨ãªã£ã¦ã„ã‚‹
     [31mFailure/Error: expect(BookComment.reflect_on_association(:book).macro).to eq :belongs_to[0m
     [31m[0m
     [31mNameError:[0m
     [31m  uninitialized constant BookComment[0m
     [31m  Did you mean?  BooksController[0m
     [36m# ./spec/models/book_comment_spec.rb:22:in `block (4 levels) in <top (required)>'[0m

  3) BookCommentãƒ¢ãƒ‡ãƒ«ã®ãƒ†ã‚¹ãƒˆ ã‚¢ã‚½ã‚·ã‚¨ãƒ¼ã‚·ãƒ§ãƒ³ã®ãƒ†ã‚¹ãƒˆ Userãƒ¢ãƒ‡ãƒ«ã¨ã®é–¢ä¿‚ N:1ã¨ãªã£ã¦ã„ã‚‹
     [31mFailure/Error: expect(BookComment.reflect_on_association(:user).macro).to eq :belongs_to[0m
     [31m[0m
     [31mNameError:[0m
     [31m  uninitialized constant BookComment[0m
     [31m  Did you mean?  BooksController[0m
     [36m# ./spec/models/book_comment_spec.rb:27:in `block (4 levels) in <top (required)>'[0m

  4) Bookãƒ¢ãƒ‡ãƒ«ã®ãƒ†ã‚¹ãƒˆ ã‚¢ã‚½ã‚·ã‚¨ãƒ¼ã‚·ãƒ§ãƒ³ã®ãƒ†ã‚¹ãƒˆ BookCommentãƒ¢ãƒ‡ãƒ«ã¨ã®é–¢ä¿‚ 1:Nã¨ãªã£ã¦ã„ã‚‹
     [31mFailure/Error: expect(Book.reflect_on_association(:book_comments).macro).to eq :has_many[0m
     [31m[0m
     [31mNoMethodError:[0m
     [31m  undefined method `macro' for nil:NilClass[0m
     [36m# ./spec/models/book_spec.rb:41:in `block (4 levels) in <main>'[0m

  5) Favoriteãƒ¢ãƒ‡ãƒ«ã®ãƒ†ã‚¹ãƒˆ ãƒãƒªãƒ‡ãƒ¼ã‚·ãƒ§ãƒ³ã®ãƒ†ã‚¹ãƒˆ ãƒ¦ãƒ¼ã‚¶ãƒ¼ã¯ä¸€ã¤ã®æŠ•ç¨¿ã«ä¸€ã¤ã—ã‹ã„ã„ã­ã§ããªã„
     [31mFailure/Error: is_expected.to eq false[0m
     [31m[0m
     [31m  expected: false[0m
     [31m       got: true[0m
     [31m[0m
     [31m  (compared using ==)[0m
     [31m[0m
     [31m  Diff:[0m[0m
     [31m  [0m[34m@@ -1 +1 @@[0m
     [31m  [0m[31m-false[0m
     [31m  [0m[32m+true[0m
     [31m  [0m[0m
     [36m# ./spec/models/favorite_spec.rb:13:in `block (3 levels) in <main>'[0m

  6) Userãƒ¢ãƒ‡ãƒ«ã®ãƒ†ã‚¹ãƒˆ ã‚¢ã‚½ã‚·ã‚¨ãƒ¼ã‚·ãƒ§ãƒ³ã®ãƒ†ã‚¹ãƒˆ BookCommentãƒ¢ãƒ‡ãƒ«ã¨ã®é–¢ä¿‚ 1:Nã¨ãªã£ã¦ã„ã‚‹
     [31mFailure/Error: expect(User.reflect_on_association(:book_comments).macro).to eq :has_many[0m
     [31m[0m
     [31mNoMethodError:[0m
     [31m  undefined method `macro' for nil:NilClass[0m
     [36m# ./spec/models/user_spec.rb:57:in `block (4 levels) in <main>'[0m

  7) Userãƒ¢ãƒ‡ãƒ«ã®ãƒ†ã‚¹ãƒˆ ã‚¢ã‚½ã‚·ã‚¨ãƒ¼ã‚·ãƒ§ãƒ³ã®ãƒ†ã‚¹ãƒˆ Favoriteãƒ¢ãƒ‡ãƒ«ã¨ã®é–¢ä¿‚ 1:Nã¨ãªã£ã¦ã„ã‚‹
     [31mFailure/Error: expect(User.reflect_on_association(:favorites).macro).to eq :has_many[0m
     [31m[0m
     [31mNoMethodError:[0m
     [31m  undefined method `macro' for nil:NilClass[0m
     [36m# ./spec/models/user_spec.rb:62:in `block (4 levels) in <main>'[0m

  8) [STEP1] ãƒ¦ãƒ¼ã‚¶ãƒ­ã‚°ã‚¤ãƒ³å‰ã®ãƒ†ã‚¹ãƒˆ ãƒˆãƒƒãƒ—ç”»é¢ã®ãƒ†ã‚¹ãƒˆ è¡¨ç¤ºå†…å®¹ã®ç¢ºèª URLãŒæ­£ã—ã„
     [31mFailure/Error: <%= javascript_pack_tag 'application', 'data-turbolinks-track': 'reload' %>[0m
     [31m[0m
     [31mActionView::Template::Error:[0m
     [31m  Webpacker can't find application.js in /home/ec2-user/environment/bookers2_ver.2/public/packs-test/manifest.json. Possible causes:[0m
     [31m  1. You want to set webpacker.yml value of compile to true for your environment[0m
     [31m     unless you are using the `webpack -w` or the webpack-dev-server.[0m
     [31m  2. webpack has not yet re-run to reflect updates.[0m
     [31m  3. You have misconfigured Webpacker's config/webpacker.yml file.[0m
     [31m  4. Your webpack configuration is not creating a manifest.[0m
     [31m  Your manifest contains:[0m
     [31m  {[0m
     [31m  }[0m
     [36m# /home/ec2-user/.rvm/gems/ruby-2.6.3/gems/webpacker-5.4.3/lib/webpacker/manifest.rb:79:in `handle_missing_entry'[0m
     [36m# /home/ec2-user/.rvm/gems/ruby-2.6.3/gems/webpacker-5.4.3/lib/webpacker/manifest.rb:49:in `lookup!'[0m
     [36m# /home/ec2-user/.rvm/gems/ruby-2.6.3/gems/webpacker-5.4.3/lib/webpacker/helper.rb:182:in `block in sources_from_manifest_entries'[0m
     [36m# /home/ec2-user/.rvm/gems/ruby-2.6.3/gems/webpacker-5.4.3/lib/webpacker/helper.rb:182:in `map'[0m
     [36m# /home/ec2-user/.rvm/gems/ruby-2.6.3/gems/webpacker-5.4.3/lib/webpacker/helper.rb:182:in `sources_from_manifest_entries'[0m
     [36m# /home/ec2-user/.rvm/gems/ruby-2.6.3/gems/webpacker-5.4.3/lib/webpacker/helper.rb:81:in `javascript_pack_tag'[0m
     [36m# ./app/views/layouts/application.html.erb:9:in `_app_views_layouts_application_html_erb__3053834375784001351_91604300'[0m
     [36m# /home/ec2-user/.rvm/gems/ruby-2.6.3/gems/actiontext-6.1.4.6/lib/action_text/rendering.rb:20:in `with_renderer'[0m
     [36m# /home/ec2-user/.rvm/gems/ruby-2.6.3/gems/actiontext-6.1.4.6/lib/action_text/engine.rb:59:in `block (4 levels) in <class:Engine>'[0m
     [36m# /home/ec2-user/.rvm/gems/ruby-2.6.3/gems/warden-1.2.9/lib/warden/manager.rb:36:in `block in call'[0m
     [36m# /home/ec2-user/.rvm/gems/ruby-2.6.3/gems/warden-1.2.9/lib/warden/manager.rb:34:in `catch'[0m
     [36m# /home/ec2-user/.rvm/gems/ruby-2.6.3/gems/warden-1.2.9/lib/warden/manager.rb:34:in `call'[0m
     [36m# /home/ec2-user/.rvm/gems/ruby-2.6.3/gems/rack-2.2.3/lib/rack/tempfile_reaper.rb:15:in `call'[0m
     [36m# /home/ec2-user/.rvm/gems/ruby-2.6.3/gems/rack-2.2.3/lib/rack/etag.rb:27:in `call'[0m
     [36m# /home/ec2-user/.rvm/gems/ruby-2.6.3/gems/rack-2.2.3/lib/rack/conditional_get.rb:27:in `call'[0m
     [36m# /home/ec2-user/.rvm/gems/ruby-2.6.3/gems/rack-2.2.3/lib/rack/head.rb:12:in `call'[0m
     [36m# /home/ec2-user/.rvm/gems/ruby-2.6.3/gems/rack-2.2.3/lib/rack/session/abstract/id.rb:266:in `context'[0m
     [36m# /home/ec2-user/.rvm/gems/ruby-2.6.3/gems/rack-2.2.3/lib/rack/session/abstract/id.rb:260:in `call'[0m
     [36m# /home/ec2-user/.rvm/gems/ruby-2.6.3/gems/railties-6.1.4.6/lib/rails/rack/logger.rb:37:in `call_app'[0m
     [36m# /home/ec2-user/.rvm/gems/ruby-2.6.3/gems/railties-6.1.4.6/lib/rails/rack/logger.rb:26:in `block in call'[0m
     [36m# /home/ec2-user/.rvm/gems/ruby-2.6.3/gems/railties-6.1.4.6/lib/rails/rack/logger.rb:26:in `call'[0m
     [36m# /home/ec2-user/.rvm/gems/ruby-2.6.3/gems/rack-2.2.3/lib/rack/method_override.rb:24:in `call'[0m
     [36m# /home/ec2-user/.rvm/gems/ruby-2.6.3/gems/rack-2.2.3/lib/rack/runtime.rb:22:in `call'[0m
     [36m# /home/ec2-user/.rvm/gems/ruby-2.6.3/gems/rack-2.2.3/lib/rack/sendfile.rb:110:in `call'[0m
     [36m# /home/ec2-user/.rvm/gems/ruby-2.6.3/gems/railties-6.1.4.6/lib/rails/engine.rb:539:in `call'[0m
     [36m# /home/ec2-user/.rvm/gems/ruby-2.6.3/gems/rack-2.2.3/lib/rack/urlmap.rb:74:in `block in call'[0m
     [36m# /home/ec2-user/.rvm/gems/ruby-2.6.3/gems/rack-2.2.3/lib/rack/urlmap.rb:58:in `each'[0m
     [36m# /home/ec2-user/.rvm/gems/ruby-2.6.3/gems/rack-2.2.3/lib/rack/urlmap.rb:58:in `call'[0m
     [36m# /home/ec2-user/.rvm/gems/ruby-2.6.3/gems/rack-2.2.3/lib/rack/builder.rb:244:in `call'[0m
     [36m# /home/ec2-user/.rvm/gems/ruby-2.6.3/gems/rack-test-1.1.0/lib/rack/mock_session.rb:29:in `request'[0m
     [36m# /home/ec2-user/.rvm/gems/ruby-2.6.3/gems/rack-test-1.1.0/lib/rack/test.rb:266:in `process_request'[0m
     [36m# /home/ec2-user/.rvm/gems/ruby-2.6.3/gems/rack-test-1.1.0/lib/rack/test.rb:129:in `custom_request'[0m
     [36m# /home/ec2-user/.rvm/gems/ruby-2.6.3/gems/rack-test-1.1.0/lib/rack/test.rb:58:in `get'[0m
     [36m# /home/ec2-user/.rvm/gems/ruby-2.6.3/gems/capybara-3.36.0/lib/capybara/rack_test/browser.rb:72:in `process'[0m
     [36m# /home/ec2-user/.rvm/gems/ruby-2.6.3/gems/capybara-3.36.0/lib/capybara/rack_test/browser.rb:47:in `process_and_follow_redirects'[0m
     [36m# /home/ec2-user/.rvm/gems/ruby-2.6.3/gems/capybara-3.36.0/lib/capybara/rack_test/browser.rb:24:in `visit'[0m
     [36m# /home/ec2-user/.rvm/gems/ruby-2.6.3/gems/capybara-3.36.0/lib/capybara/rack_test/driver.rb:46:in `visit'[0m
     [36m# /home/ec2-user/.rvm/gems/ruby-2.6.3/gems/capybara-3.36.0/lib/capybara/session.rb:278:in `visit'[0m
     [36m# /home/ec2-user/.rvm/gems/ruby-2.6.3/gems/capybara-3.36.0/lib/capybara/dsl.rb:58:in `block (2 levels) in <module:DSL>'[0m
     [36m# ./spec/system/01_before_login_spec.rb:6:in `block (3 levels) in <main>'[0m
     [36m# ------------------[0m
     [36m# --- Caused by: ---[0m
     [36m# Webpacker::Manifest::MissingEntryError:[0m
     [36m#   Webpacker can't find application.js in /home/ec2-user/environment/bookers2_ver.2/public/packs-test/manifest.json. Possible causes:[0m
     [36m#   1. You want to set webpacker.yml value of compile to true for your environment[0m
     [36m#      unless you are using the `webpack -w` or the webpack-dev-server.[0m
     [36m#   2. webpack has not yet re-run to reflect updates.[0m
     [36m#   3. You have misconfigured Webpacker's config/webpacker.yml file.[0m
     [36m#   4. Your webpack configuration is not creating a manifest.[0m
     [36m#   Your manifest contains:[0m
     [36m#   {[0m
     [36m#   }[0m
     [36m#   /home/ec2-user/.rvm/gems/ruby-2.6.3/gems/webpacker-5.4.3/lib/webpacker/manifest.rb:79:in `handle_missing_entry'[0m

Finished in 5.98 seconds (files took 3.74 seconds to load)
[31m25 examples, 8 failures[0m

Failed examples:

[31mrspec ./spec/models/book_comment_spec.rb:12[0m [36m# BookCommentãƒ¢ãƒ‡ãƒ«ã®ãƒ†ã‚¹ãƒˆ ãƒãƒªãƒ‡ãƒ¼ã‚·ãƒ§ãƒ³ã®ãƒ†ã‚¹ãƒˆ commentã‚«ãƒ©ãƒ  ç©ºæ¬„ã§ãªã„ã“ã¨[0m
[31mrspec ./spec/models/book_comment_spec.rb:21[0m [36m# BookCommentãƒ¢ãƒ‡ãƒ«ã®ãƒ†ã‚¹ãƒˆ ã‚¢ã‚½ã‚·ã‚¨ãƒ¼ã‚·ãƒ§ãƒ³ã®ãƒ†ã‚¹ãƒˆ Bookãƒ¢ãƒ‡ãƒ«ã¨ã®é–¢ä¿‚ N:1ã¨ãªã£ã¦ã„ã‚‹[0m
[31mrspec ./spec/models/book_comment_spec.rb:26[0m [36m# BookCommentãƒ¢ãƒ‡ãƒ«ã®ãƒ†ã‚¹ãƒˆ ã‚¢ã‚½ã‚·ã‚¨ãƒ¼ã‚·ãƒ§ãƒ³ã®ãƒ†ã‚¹ãƒˆ Userãƒ¢ãƒ‡ãƒ«ã¨ã®é–¢ä¿‚ N:1ã¨ãªã£ã¦ã„ã‚‹[0m
[31mrspec ./spec/models/book_spec.rb:40[0m [36m# Bookãƒ¢ãƒ‡ãƒ«ã®ãƒ†ã‚¹ãƒˆ ã‚¢ã‚½ã‚·ã‚¨ãƒ¼ã‚·ãƒ§ãƒ³ã®ãƒ†ã‚¹ãƒˆ BookCommentãƒ¢ãƒ‡ãƒ«ã¨ã®é–¢ä¿‚ 1:Nã¨ãªã£ã¦ã„ã‚‹[0m
[31mrspec ./spec/models/favorite_spec.rb:12[0m [36m# Favoriteãƒ¢ãƒ‡ãƒ«ã®ãƒ†ã‚¹ãƒˆ ãƒãƒªãƒ‡ãƒ¼ã‚·ãƒ§ãƒ³ã®ãƒ†ã‚¹ãƒˆ ãƒ¦ãƒ¼ã‚¶ãƒ¼ã¯ä¸€ã¤ã®æŠ•ç¨¿ã«ä¸€ã¤ã—ã‹ã„ã„ã­ã§ããªã„[0m
[31mrspec ./spec/models/user_spec.rb:56[0m [36m# Userãƒ¢ãƒ‡ãƒ«ã®ãƒ†ã‚¹ãƒˆ ã‚¢ã‚½ã‚·ã‚¨ãƒ¼ã‚·ãƒ§ãƒ³ã®ãƒ†ã‚¹ãƒˆ BookCommentãƒ¢ãƒ‡ãƒ«ã¨ã®é–¢ä¿‚ 1:Nã¨ãªã£ã¦ã„ã‚‹[0m
[31mrspec ./spec/models/user_spec.rb:61[0m [36m# Userãƒ¢ãƒ‡ãƒ«ã®ãƒ†ã‚¹ãƒˆ ã‚¢ã‚½ã‚·ã‚¨ãƒ¼ã‚·ãƒ§ãƒ³ã®ãƒ†ã‚¹ãƒˆ Favoriteãƒ¢ãƒ‡ãƒ«ã¨ã®é–¢ä¿‚ 1:Nã¨ãªã£ã¦ã„ã‚‹[0m
[31mrspec ./spec/system/01_before_login_spec.rb:10[0m [36m# [STEP1] ãƒ¦ãƒ¼ã‚¶ãƒ­ã‚°ã‚¤ãƒ³å‰ã®ãƒ†ã‚¹ãƒˆ ãƒˆãƒƒãƒ—ç”»é¢ã®ãƒ†ã‚¹ãƒˆ è¡¨ç¤ºå†…å®¹ã®ç¢ºèª URLãŒæ­£ã—ã„[0m

